{
  "RSpec": {
    "coverage": {
      "/Users/rebeccamulugeta/Projects/rps_challenge-2/app.rb": [
        null,
        null,
        1,
        1,
        null,
        1,
        1,
        null,
        1,
        4,
        null,
        null,
        1,
        3,
        3,
        null,
        null,
        1,
        4,
        4,
        2,
        null,
        2,
        null,
        null,
        null,
        1,
        0,
        0,
        0,
        0,
        0,
        null,
        0,
        null,
        0,
        null,
        0,
        null,
        0,
        0,
        null,
        null,
        1,
        0,
        0,
        null,
        null,
        null,
        1,
        null
      ],
      "/Users/rebeccamulugeta/Projects/rps_challenge-2/lib/rps_game.rb": [
        null,
        null,
        1,
        1,
        1,
        1,
        null,
        1,
        null,
        1,
        1,
        1,
        null,
        null,
        1,
        12,
        null,
        3,
        null,
        1,
        null,
        1,
        null,
        1,
        null,
        null,
        null,
        4,
        null,
        1,
        null,
        1,
        null,
        1,
        null,
        null,
        null,
        3,
        null,
        1,
        null,
        1,
        null,
        1,
        null,
        null,
        null,
        3,
        null,
        null
      ],
      "/Users/rebeccamulugeta/Projects/rps_challenge-2/spec/features/user_plays_spec.rb": [
        null,
        null,
        1,
        1,
        1,
        1,
        1,
        1,
        null,
        null,
        null,
        1,
        1,
        1,
        1,
        null,
        1,
        null,
        null,
        1,
        1,
        1,
        0,
        null,
        0,
        null,
        null
      ],
      "/Users/rebeccamulugeta/Projects/rps_challenge-2/spec/features/user_registers_spec.rb": [
        null,
        null,
        1,
        1,
        1,
        1,
        1,
        1,
        null,
        null
      ],
      "/Users/rebeccamulugeta/Projects/rps_challenge-2/spec/rps_game_spec.rb": [
        null,
        null,
        1,
        null,
        1,
        10,
        null,
        null,
        null,
        null,
        null,
        null,
        1,
        1,
        null,
        null,
        1,
        1,
        null,
        null,
        null,
        1,
        1,
        null,
        null,
        1,
        1,
        null,
        null,
        null,
        1,
        1,
        null,
        null,
        1,
        1,
        null,
        null,
        null,
        1,
        1,
        3,
        null,
        null,
        null,
        null,
        1,
        2,
        2,
        2,
        null,
        null,
        null,
        null,
        null,
        1,
        1,
        1,
        null,
        null
      ]
    },
    "timestamp": 1543222637
  }
}
