{
  "RSpec": {
    "coverage": {
      "/Users/rebeccamulugeta/Projects/rps_challenge-2/app.rb": [
        null,
        null,
        1,
        1,
        null,
        1,
        1,
        null,
        1,
        11,
        null,
        null,
        1,
        10,
        10,
        null,
        null,
        1,
        18,
        18,
        2,
        null,
        16,
        null,
        null,
        null,
        1,
        5,
        5,
        5,
        5,
        null,
        5,
        null,
        1,
        null,
        3,
        null,
        1,
        null,
        5,
        5,
        null,
        null,
        1,
        1,
        1,
        null,
        null,
        null,
        1,
        null
      ],
      "/Users/rebeccamulugeta/Projects/rps_challenge-2/lib/rps_game.rb": [
        null,
        null,
        1,
        1,
        1,
        1,
        null,
        1,
        null,
        1,
        6,
        6,
        null,
        null,
        1,
        17,
        null,
        7,
        null,
        2,
        null,
        3,
        null,
        2,
        null,
        null,
        null,
        4,
        null,
        1,
        null,
        1,
        null,
        1,
        null,
        null,
        null,
        4,
        null,
        2,
        null,
        1,
        null,
        1,
        null,
        null,
        null,
        3,
        null,
        null,
        1,
        null,
        1,
        0,
        0,
        0,
        null,
        null
      ],
      "/Users/rebeccamulugeta/Projects/rps_challenge-2/spec/features/user_plays_spec.rb": [
        null,
        null,
        1,
        1,
        1,
        1,
        1,
        1,
        null,
        null,
        1,
        1,
        1,
        null,
        null,
        1,
        1,
        1,
        1,
        1,
        null,
        null
      ],
      "/Users/rebeccamulugeta/Projects/rps_challenge-2/spec/features/user_registers_spec.rb": [
        null,
        null,
        1,
        1,
        1,
        1,
        1,
        1,
        null,
        null
      ],
      "/Users/rebeccamulugeta/Projects/rps_challenge-2/spec/features/user_signs_out_spec.rb": [
        null,
        null,
        1,
        1,
        1,
        1,
        1,
        null,
        null
      ],
      "/Users/rebeccamulugeta/Projects/rps_challenge-2/spec/features/win_or_lose_spec.rb": [
        null,
        null,
        1,
        1,
        1,
        1,
        2,
        1,
        1,
        1,
        1,
        null,
        null,
        1,
        1,
        1,
        2,
        1,
        1,
        1,
        1,
        null,
        null,
        1,
        1,
        1,
        2,
        1,
        1,
        1,
        1,
        null,
        null,
        1,
        1,
        1,
        2,
        1,
        1,
        1,
        1,
        null,
        null,
        1,
        1,
        1,
        2,
        1,
        1,
        1,
        1,
        null,
        null
      ],
      "/Users/rebeccamulugeta/Projects/rps_challenge-2/spec/rps_game_spec.rb": [
        null,
        null,
        1,
        null,
        1,
        10,
        null,
        null,
        null,
        null,
        null,
        null,
        1,
        1,
        null,
        null,
        1,
        1,
        null,
        null,
        null,
        1,
        1,
        null,
        null,
        1,
        1,
        null,
        null,
        null,
        1,
        1,
        null,
        null,
        1,
        1,
        null,
        null,
        null,
        1,
        1,
        3,
        null,
        null,
        null,
        null,
        1,
        2,
        2,
        2,
        null,
        null,
        null,
        null,
        null,
        1,
        1,
        1,
        null,
        null
      ]
    },
    "timestamp": 1546434695
  }
}
